Arguments: 
  D:\node\node.exe C:\Users\Admin\AppData\Roaming\npm\node_modules\yarn\bin\yarn.js install

PATH: 
  C:\Program Files (x86)\Common Files\Oracle\Java\javapath;C:\Windows\system32;C:\Windows;C:\Windows\System32\Wbem;C:\Windows\System32\WindowsPowerShell\v1.0\;C:\Windows\System32\OpenSSH\;D:\node\;D:\Git\Git\cmd;C:\Program Files (x86)\NVIDIA Corporation\PhysX\Common;C:\Program Files\NVIDIA Corporation\NVIDIA NvDLISR;D:\小乌龟\bin;C:\Users\Admin\AppData\Local\Microsoft\WindowsApps;D:\VsCode\Microsoft VS Code\bin;C:\Users\Admin\AppData\Roaming\npm

Yarn version: 
  1.15.2

Node version: 
  10.15.3

Platform: 
  win32 x64

Trace: 
  SyntaxError: F:\打包项目生成 exe 安装文件\demo-app\package.json: Unexpected token } in JSON at position 242
      at JSON.parse (<anonymous>)
      at C:\Users\Admin\AppData\Roaming\npm\node_modules\yarn\lib\cli.js:1625:59
      at Generator.next (<anonymous>)
      at step (C:\Users\Admin\AppData\Roaming\npm\node_modules\yarn\lib\cli.js:304:30)
      at C:\Users\Admin\AppData\Roaming\npm\node_modules\yarn\lib\cli.js:315:13

npm manifest: 
  {
    "name": "demo-app",
    "version": "0.0.1",
    "description": "DEMO-APP",
    "scripts": {
      "start": "node script/proto.js && cross-env UMI_ENV=default umi dev",
      "build": "node script/proto.js && cross-env UMI_ENV=default umi build",
    },
    "author": "lxx",
    "dependencies": {
      "umi": "2.2.8",
      "umi-plugin-react": "1.0.0"
    },
    "devDependencies": {
      "babel-eslint": "8.2.2",
      "cross-env": "^5.2.0",
      "echarts": "4.0.4",
      "eslint": "4.17.0",
      "eslint-config-umi": "0.1.2",
      "eslint-plugin-flowtype": "2.42.0",
      "eslint-plugin-import": "2.8.0",
      "eslint-plugin-jsx-a11y": "5.1.1",
      "eslint-plugin-react": "7.6.1",
      "jquery": "3.3.1",
      "react": "16.2.0",
      "react-dom": "16.2.0",
      "zbee": "^0.0.70"
    },
    "private": true
  }

yarn manifest: 
  No manifest

Lockfile: 
  No lockfile
